<?xml version="1.0" encoding="UTF-8"?>
<testsuite name="HwangJiHun.poeitemvalues.controller.GeneralControllerTest" tests="3" skipped="0" failures="0" errors="0" timestamp="2022-12-12T02:31:32" hostname="DESKTOP-PCVPH1C" time="0.493">
  <properties/>
  <testcase name="fragment()" classname="HwangJiHun.poeitemvalues.controller.GeneralControllerTest" time="0.004"/>
  <testcase name="currencyForm()" classname="HwangJiHun.poeitemvalues.controller.GeneralControllerTest" time="0.485"/>
  <testcase name="divinationcard()" classname="HwangJiHun.poeitemvalues.controller.GeneralControllerTest" time="0.002"/>
  <system-out><![CDATA[2022-12-12 11:31:32.505  INFO 35072 --- [    Test worker] .b.t.c.SpringBootTestContextBootstrapper : Neither @ContextConfiguration nor @ContextHierarchy found for test class [HwangJiHun.poeitemvalues.controller.GeneralControllerTest], using SpringBootContextLoader
2022-12-12 11:31:32.507  INFO 35072 --- [    Test worker] o.s.t.c.support.AbstractContextLoader    : Could not detect default resource locations for test class [HwangJiHun.poeitemvalues.controller.GeneralControllerTest]: no resource found for suffixes {-context.xml, Context.groovy}.
2022-12-12 11:31:32.507  INFO 35072 --- [    Test worker] t.c.s.AnnotationConfigContextLoaderUtils : Could not detect default configuration classes for test class [HwangJiHun.poeitemvalues.controller.GeneralControllerTest]: GeneralControllerTest does not declare any static, non-private, non-final, nested classes annotated with @Configuration.
2022-12-12 11:31:32.521  INFO 35072 --- [    Test worker] .b.t.c.SpringBootTestContextBootstrapper : Found @SpringBootConfiguration HwangJiHun.poeitemvalues.PoeitemvaluesApplication for test class HwangJiHun.poeitemvalues.controller.GeneralControllerTest
2022-12-12 11:31:32.524  INFO 35072 --- [    Test worker] .b.t.c.SpringBootTestContextBootstrapper : Loaded default TestExecutionListener class names from location [META-INF/spring.factories]: [org.springframework.boot.test.autoconfigure.restdocs.RestDocsTestExecutionListener, org.springframework.boot.test.autoconfigure.web.client.MockRestServiceServerResetTestExecutionListener, org.springframework.boot.test.autoconfigure.web.servlet.MockMvcPrintOnlyOnFailureTestExecutionListener, org.springframework.boot.test.autoconfigure.web.servlet.WebDriverTestExecutionListener, org.springframework.boot.test.autoconfigure.webservices.client.MockWebServiceServerTestExecutionListener, org.springframework.boot.test.mock.mockito.MockitoTestExecutionListener, org.springframework.boot.test.mock.mockito.ResetMocksTestExecutionListener, org.springframework.test.context.web.ServletTestExecutionListener, org.springframework.test.context.support.DirtiesContextBeforeModesTestExecutionListener, org.springframework.test.context.event.ApplicationEventsTestExecutionListener, org.springframework.test.context.support.DependencyInjectionTestExecutionListener, org.springframework.test.context.support.DirtiesContextTestExecutionListener, org.springframework.test.context.transaction.TransactionalTestExecutionListener, org.springframework.test.context.jdbc.SqlScriptsTestExecutionListener, org.springframework.test.context.event.EventPublishingTestExecutionListener]
2022-12-12 11:31:32.524  INFO 35072 --- [    Test worker] .b.t.c.SpringBootTestContextBootstrapper : Using TestExecutionListeners: [org.springframework.test.context.web.ServletTestExecutionListener@6c36051c, org.springframework.test.context.support.DirtiesContextBeforeModesTestExecutionListener@45d46254, org.springframework.test.context.event.ApplicationEventsTestExecutionListener@a240452, org.springframework.boot.test.mock.mockito.MockitoTestExecutionListener@460e5ffe, org.springframework.boot.test.autoconfigure.SpringBootDependencyInjectionTestExecutionListener@1a4cbcc6, org.springframework.test.context.support.DirtiesContextTestExecutionListener@7cecab19, org.springframework.test.context.transaction.TransactionalTestExecutionListener@56402642, org.springframework.test.context.jdbc.SqlScriptsTestExecutionListener@620572db, org.springframework.test.context.event.EventPublishingTestExecutionListener@1d5048d1, org.springframework.boot.test.autoconfigure.restdocs.RestDocsTestExecutionListener@47d9c01, org.springframework.boot.test.autoconfigure.web.client.MockRestServiceServerResetTestExecutionListener@5358c8fa, org.springframework.boot.test.autoconfigure.web.servlet.MockMvcPrintOnlyOnFailureTestExecutionListener@1a02ebe0, org.springframework.boot.test.autoconfigure.web.servlet.WebDriverTestExecutionListener@58b3eb1, org.springframework.boot.test.autoconfigure.webservices.client.MockWebServiceServerTestExecutionListener@6d7e2795, org.springframework.boot.test.mock.mockito.ResetMocksTestExecutionListener@78743dd8]
2022-12-12 11:31:32.555  INFO 35072 --- [    Test worker] com.zaxxer.hikari.HikariDataSource       : HikariPool-1 - Starting...
2022-12-12 11:31:32.672  INFO 35072 --- [    Test worker] com.zaxxer.hikari.HikariDataSource       : HikariPool-1 - Start completed.
]]></system-out>
  <system-err><![CDATA[]]></system-err>
</testsuite>
