<?xml version="1.0" encoding="UTF-8"?>
<testsuite name="HwangJiHun.poeitemvalues.repository.PoeCurrencyRepositoryTest" tests="1" skipped="0" failures="0" errors="0" timestamp="2022-12-12T02:31:33" hostname="DESKTOP-PCVPH1C" time="0.04">
  <properties/>
  <testcase name="save()" classname="HwangJiHun.poeitemvalues.repository.PoeCurrencyRepositoryTest" time="0.04"/>
  <system-out><![CDATA[2022-12-12 11:31:33.114  INFO 35072 --- [    Test worker] .b.t.c.SpringBootTestContextBootstrapper : Neither @ContextConfiguration nor @ContextHierarchy found for test class [HwangJiHun.poeitemvalues.repository.PoeCurrencyRepositoryTest], using SpringBootContextLoader
2022-12-12 11:31:33.117  INFO 35072 --- [    Test worker] o.s.t.c.support.AbstractContextLoader    : Could not detect default resource locations for test class [HwangJiHun.poeitemvalues.repository.PoeCurrencyRepositoryTest]: no resource found for suffixes {-context.xml, Context.groovy}.
2022-12-12 11:31:33.117  INFO 35072 --- [    Test worker] t.c.s.AnnotationConfigContextLoaderUtils : Could not detect default configuration classes for test class [HwangJiHun.poeitemvalues.repository.PoeCurrencyRepositoryTest]: PoeCurrencyRepositoryTest does not declare any static, non-private, non-final, nested classes annotated with @Configuration.
2022-12-12 11:31:33.123  INFO 35072 --- [    Test worker] .b.t.c.SpringBootTestContextBootstrapper : Found @SpringBootConfiguration HwangJiHun.poeitemvalues.PoeitemvaluesApplication for test class HwangJiHun.poeitemvalues.repository.PoeCurrencyRepositoryTest
2022-12-12 11:31:33.126  INFO 35072 --- [    Test worker] .b.t.c.SpringBootTestContextBootstrapper : Loaded default TestExecutionListener class names from location [META-INF/spring.factories]: [org.springframework.boot.test.autoconfigure.restdocs.RestDocsTestExecutionListener, org.springframework.boot.test.autoconfigure.web.client.MockRestServiceServerResetTestExecutionListener, org.springframework.boot.test.autoconfigure.web.servlet.MockMvcPrintOnlyOnFailureTestExecutionListener, org.springframework.boot.test.autoconfigure.web.servlet.WebDriverTestExecutionListener, org.springframework.boot.test.autoconfigure.webservices.client.MockWebServiceServerTestExecutionListener, org.springframework.boot.test.mock.mockito.MockitoTestExecutionListener, org.springframework.boot.test.mock.mockito.ResetMocksTestExecutionListener, org.springframework.test.context.web.ServletTestExecutionListener, org.springframework.test.context.support.DirtiesContextBeforeModesTestExecutionListener, org.springframework.test.context.event.ApplicationEventsTestExecutionListener, org.springframework.test.context.support.DependencyInjectionTestExecutionListener, org.springframework.test.context.support.DirtiesContextTestExecutionListener, org.springframework.test.context.transaction.TransactionalTestExecutionListener, org.springframework.test.context.jdbc.SqlScriptsTestExecutionListener, org.springframework.test.context.event.EventPublishingTestExecutionListener]
2022-12-12 11:31:33.127  INFO 35072 --- [    Test worker] .b.t.c.SpringBootTestContextBootstrapper : Using TestExecutionListeners: [org.springframework.test.context.web.ServletTestExecutionListener@28295554, org.springframework.test.context.support.DirtiesContextBeforeModesTestExecutionListener@4e671ef, org.springframework.test.context.event.ApplicationEventsTestExecutionListener@42403dc6, org.springframework.boot.test.mock.mockito.MockitoTestExecutionListener@74a1d60e, org.springframework.boot.test.autoconfigure.SpringBootDependencyInjectionTestExecutionListener@16c0be3b, org.springframework.test.context.support.DirtiesContextTestExecutionListener@219edc05, org.springframework.test.context.transaction.TransactionalTestExecutionListener@62f37bfd, org.springframework.test.context.jdbc.SqlScriptsTestExecutionListener@1818d00b, org.springframework.test.context.event.EventPublishingTestExecutionListener@b3a8455, org.springframework.boot.test.autoconfigure.restdocs.RestDocsTestExecutionListener@5c930fc3, org.springframework.boot.test.autoconfigure.web.client.MockRestServiceServerResetTestExecutionListener@25c6ab3f, org.springframework.boot.test.autoconfigure.web.servlet.MockMvcPrintOnlyOnFailureTestExecutionListener@7b80af04, org.springframework.boot.test.autoconfigure.web.servlet.WebDriverTestExecutionListener@2447940d, org.springframework.boot.test.autoconfigure.webservices.client.MockWebServiceServerTestExecutionListener@60ee7a51, org.springframework.boot.test.mock.mockito.ResetMocksTestExecutionListener@70e1aa20]
]]></system-out>
  <system-err><![CDATA[]]></system-err>
</testsuite>
