<?xml version="1.0" encoding="UTF-8"?>
<testsuite name="HwangJiHun.poeitemvalues.repository.NinjaRepositoryTest" tests="1" skipped="0" failures="0" errors="0" timestamp="2022-12-12T02:31:33" hostname="DESKTOP-PCVPH1C" time="0.011">
  <properties/>
  <testcase name="doubleTest()" classname="HwangJiHun.poeitemvalues.repository.NinjaRepositoryTest" time="0.011"/>
  <system-out><![CDATA[2022-12-12 11:31:33.081  INFO 35072 --- [    Test worker] .b.t.c.SpringBootTestContextBootstrapper : Neither @ContextConfiguration nor @ContextHierarchy found for test class [HwangJiHun.poeitemvalues.repository.NinjaRepositoryTest], using SpringBootContextLoader
2022-12-12 11:31:33.083  INFO 35072 --- [    Test worker] o.s.t.c.support.AbstractContextLoader    : Could not detect default resource locations for test class [HwangJiHun.poeitemvalues.repository.NinjaRepositoryTest]: no resource found for suffixes {-context.xml, Context.groovy}.
2022-12-12 11:31:33.083  INFO 35072 --- [    Test worker] t.c.s.AnnotationConfigContextLoaderUtils : Could not detect default configuration classes for test class [HwangJiHun.poeitemvalues.repository.NinjaRepositoryTest]: NinjaRepositoryTest does not declare any static, non-private, non-final, nested classes annotated with @Configuration.
2022-12-12 11:31:33.086  INFO 35072 --- [    Test worker] .b.t.c.SpringBootTestContextBootstrapper : Found @SpringBootConfiguration HwangJiHun.poeitemvalues.PoeitemvaluesApplication for test class HwangJiHun.poeitemvalues.repository.NinjaRepositoryTest
2022-12-12 11:31:33.090  INFO 35072 --- [    Test worker] .b.t.c.SpringBootTestContextBootstrapper : Loaded default TestExecutionListener class names from location [META-INF/spring.factories]: [org.springframework.boot.test.autoconfigure.restdocs.RestDocsTestExecutionListener, org.springframework.boot.test.autoconfigure.web.client.MockRestServiceServerResetTestExecutionListener, org.springframework.boot.test.autoconfigure.web.servlet.MockMvcPrintOnlyOnFailureTestExecutionListener, org.springframework.boot.test.autoconfigure.web.servlet.WebDriverTestExecutionListener, org.springframework.boot.test.autoconfigure.webservices.client.MockWebServiceServerTestExecutionListener, org.springframework.boot.test.mock.mockito.MockitoTestExecutionListener, org.springframework.boot.test.mock.mockito.ResetMocksTestExecutionListener, org.springframework.test.context.web.ServletTestExecutionListener, org.springframework.test.context.support.DirtiesContextBeforeModesTestExecutionListener, org.springframework.test.context.event.ApplicationEventsTestExecutionListener, org.springframework.test.context.support.DependencyInjectionTestExecutionListener, org.springframework.test.context.support.DirtiesContextTestExecutionListener, org.springframework.test.context.transaction.TransactionalTestExecutionListener, org.springframework.test.context.jdbc.SqlScriptsTestExecutionListener, org.springframework.test.context.event.EventPublishingTestExecutionListener]
2022-12-12 11:31:33.091  INFO 35072 --- [    Test worker] .b.t.c.SpringBootTestContextBootstrapper : Using TestExecutionListeners: [org.springframework.test.context.web.ServletTestExecutionListener@2bf0c70d, org.springframework.test.context.support.DirtiesContextBeforeModesTestExecutionListener@5d8e4fa8, org.springframework.test.context.event.ApplicationEventsTestExecutionListener@649009d6, org.springframework.boot.test.mock.mockito.MockitoTestExecutionListener@652f26da, org.springframework.boot.test.autoconfigure.SpringBootDependencyInjectionTestExecutionListener@484a5ddd, org.springframework.test.context.support.DirtiesContextTestExecutionListener@6796a873, org.springframework.test.context.transaction.TransactionalTestExecutionListener@3acc3ee, org.springframework.test.context.jdbc.SqlScriptsTestExecutionListener@1f293cb7, org.springframework.test.context.event.EventPublishingTestExecutionListener@5972e3a, org.springframework.boot.test.autoconfigure.restdocs.RestDocsTestExecutionListener@5790cbcb, org.springframework.boot.test.autoconfigure.web.client.MockRestServiceServerResetTestExecutionListener@32c6d164, org.springframework.boot.test.autoconfigure.web.servlet.MockMvcPrintOnlyOnFailureTestExecutionListener@645c9f0f, org.springframework.boot.test.autoconfigure.web.servlet.WebDriverTestExecutionListener@58068b40, org.springframework.boot.test.autoconfigure.webservices.client.MockWebServiceServerTestExecutionListener@999cd18, org.springframework.boot.test.mock.mockito.ResetMocksTestExecutionListener@dd060be]
2022-12-12 11:31:33.100  INFO 35072 --- [    Test worker] H.p.repository.NinjaRepositoryTest       : maxValue = 1.7976931348623157E308
]]></system-out>
  <system-err><![CDATA[]]></system-err>
</testsuite>
